[    0.000000] Initializing cgroup subsys cpuset
[    0.000000] Initializing cgroup subsys cpu
[    0.000000] Initializing cgroup subsys cpuacct
[    0.000000] Linux version 4.4.0-210-generic (buildd@lgw01-amd64-009) (gcc version 5.4.0 20160609 (Ubuntu 5.4.0-6ubuntu1~16.04.12) ) #242-Ubuntu SMP Fri Apr 16 09:57:56 UTC 2021 (Ubuntu 4.4.0-210.242-generic 4.4.262)
[    0.000000] Command line: BOOT_IMAGE=/boot/vmlinuz-4.4.0-210-generic root=LABEL=cloudimg-rootfs ro console=tty1 console=ttyS0
[    0.000000] KERNEL supported cpus:
[    0.000000]   Intel GenuineIntel
[    0.000000]   AMD AuthenticAMD
[    0.000000]   Centaur CentaurHauls
[    0.000000] x86/fpu: xstate_offset[2]:  576, xstate_sizes[2]:  256
[    0.000000] x86/fpu: Supporting XSAVE feature 0x01: 'x87 floating point registers'
[    0.000000] x86/fpu: Supporting XSAVE feature 0x02: 'SSE registers'
[    0.000000] x86/fpu: Supporting XSAVE feature 0x04: 'AVX registers'
[    0.000000] x86/fpu: Enabled xstate features 0x7, context size is 832 bytes, using 'standard' format.
[    0.000000] e820: BIOS-provided physical RAM map:
[    0.000000] BIOS-e820: [mem 0x0000000000000000-0x000000000009fbff] usable
[    0.000000] BIOS-e820: [mem 0x000000000009fc00-0x000000000009ffff] reserved
[    0.000000] BIOS-e820: [mem 0x00000000000f0000-0x00000000000fffff] reserved
[    0.000000] BIOS-e820: [mem 0x0000000000100000-0x000000003ffeffff] usable
[    0.000000] BIOS-e820: [mem 0x000000003fff0000-0x000000003fffffff] ACPI data
[    0.000000] BIOS-e820: [mem 0x00000000fec00000-0x00000000fec00fff] reserved
[    0.000000] BIOS-e820: [mem 0x00000000fee00000-0x00000000fee00fff] reserved
[    0.000000] BIOS-e820: [mem 0x00000000fffc0000-0x00000000ffffffff] reserved
[    0.000000] NX (Execute Disable) protection: active
[    0.000000] SMBIOS 2.5 present.
[    0.000000] Hypervisor detected: KVM
[    0.000000] e820: last_pfn = 0x3fff0 max_arch_pfn = 0x400000000
[    0.000000] MTRR: Disabled
[    0.000000] x86/PAT: MTRRs disabled, skipping PAT initialization too.
[    0.000000] CPU MTRRs all blank - virtualized system.
[    0.000000] x86/PAT: Configuration [0-7]: WB  WT  UC- UC  WB  WT  UC- UC  
[    0.000000] found SMP MP-table at [mem 0x0009fff0-0x0009ffff] mapped at [ffff88000009fff0]
[    0.000000] Scanning 1 areas for low memory corruption
[    0.000000] RAMDISK: [mem 0x362dc000-0x37165fff]
[    0.000000] ACPI: Early table checksum verification disabled
[    0.000000] ACPI: RSDP 0x00000000000E0000 000024 (v02 VBOX  )
[    0.000000] ACPI: XSDT 0x000000003FFF0030 00003C (v01 VBOX   VBOXXSDT 00000001 ASL  00000061)
[    0.000000] ACPI: FACP 0x000000003FFF00F0 0000F4 (v04 VBOX   VBOXFACP 00000001 ASL  00000061)
[    0.000000] ACPI: DSDT 0x000000003FFF0470 002325 (v02 VBOX   VBOXBIOS 00000002 INTL 20120111)
[    0.000000] ACPI: FACS 0x000000003FFF0200 000040
[    0.000000] ACPI: FACS 0x000000003FFF0200 000040
[    0.000000] ACPI: APIC 0x000000003FFF0240 00005C (v02 VBOX   VBOXAPIC 00000001 ASL  00000061)
[    0.000000] ACPI: SSDT 0x000000003FFF02A0 0001CC (v01 VBOX   VBOXCPUT 00000002 INTL 20120111)
[    0.000000] No NUMA configuration found
[    0.000000] Faking a node at [mem 0x0000000000000000-0x000000003ffeffff]
[    0.000000] NODE_DATA(0) allocated [mem 0x3ffeb000-0x3ffeffff]
[    0.000000] kvm-clock: Using msrs 4b564d01 and 4b564d00
[    0.000000] kvm-clock: cpu 0, msr 0:3ffe3001, primary cpu clock
[    0.000000] kvm-clock: using sched offset of 4499133821 cycles
[    0.000000] clocksource: kvm-clock: mask: 0xffffffffffffffff max_cycles: 0x1cd42e4dffb, max_idle_ns: 881590591483 ns
[    0.000000] Zone ranges:
[    0.000000]   DMA      [mem 0x0000000000001000-0x0000000000ffffff]
[    0.000000]   DMA32    [mem 0x0000000001000000-0x000000003ffeffff]
[    0.000000]   Normal   empty
[    0.000000]   Device   empty
[    0.000000] Movable zone start for each node
[    0.000000] Early memory node ranges
[    0.000000]   node   0: [mem 0x0000000000001000-0x000000000009efff]
[    0.000000]   node   0: [mem 0x0000000000100000-0x000000003ffeffff]
[    0.000000] Initmem setup node 0 [mem 0x0000000000001000-0x000000003ffeffff]
[    0.000000] ACPI: PM-Timer IO Port: 0x4008
[    0.000000] IOAPIC[0]: apic_id 2, version 32, address 0xfec00000, GSI 0-23
[    0.000000] ACPI: INT_SRC_OVR (bus 0 bus_irq 0 global_irq 2 dfl dfl)
[    0.000000] ACPI: INT_SRC_OVR (bus 0 bus_irq 9 global_irq 9 low level)
[    0.000000] Using ACPI (MADT) for SMP configuration information
[    0.000000] smpboot: Allowing 2 CPUs, 0 hotplug CPUs
[    0.000000] PM: Registered nosave memory: [mem 0x00000000-0x00000fff]
[    0.000000] PM: Registered nosave memory: [mem 0x0009f000-0x0009ffff]
[    0.000000] PM: Registered nosave memory: [mem 0x000a0000-0x000effff]
[    0.000000] PM: Registered nosave memory: [mem 0x000f0000-0x000fffff]
[    0.000000] e820: [mem 0x40000000-0xfebfffff] available for PCI devices
[    0.000000] Booting paravirtualized kernel on KVM
[    0.000000] clocksource: refined-jiffies: mask: 0xffffffff max_cycles: 0xffffffff, max_idle_ns: 7645519600211568 ns
[    0.000000] setup_percpu: NR_CPUS:512 nr_cpumask_bits:512 nr_cpu_ids:2 nr_node_ids:1
[    0.000000] PERCPU: Embedded 33 pages/cpu @ffff88003fc00000 s95192 r8192 d31784 u1048576
[    0.000000] Built 1 zonelists in Node order, mobility grouping on.  Total pages: 257912
[    0.000000] Policy zone: DMA32
[    0.000000] Kernel command line: BOOT_IMAGE=/boot/vmlinuz-4.4.0-210-generic root=LABEL=cloudimg-rootfs ro console=tty1 console=ttyS0
[    0.000000] PID hash table entries: 4096 (order: 3, 32768 bytes)
[    0.000000] Memory: 997792K/1048120K available (8644K kernel code, 1332K rwdata, 4044K rodata, 1492K init, 1164K bss, 50328K reserved, 0K cma-reserved)
[    0.000000] SLUB: HWalign=64, Order=0-3, MinObjects=0, CPUs=2, Nodes=1
[    0.000000] Kernel/User page tables isolation: enabled
[    0.000000] Hierarchical RCU implementation.
[    0.000000] 	Build-time adjustment of leaf fanout to 64.
[    0.000000] 	RCU restricting CPUs from NR_CPUS=512 to nr_cpu_ids=2.
[    0.000000] RCU: Adjusting geometry for rcu_fanout_leaf=64, nr_cpu_ids=2
[    0.000000] NR_IRQS:33024 nr_irqs:440 16
[    0.000000] Console: colour VGA+ 80x25
[    0.000000] console [tty1] enabled
[    0.000000] console [ttyS0] enabled
[    0.000000] tsc: Detected 1113.599 MHz processor
[    0.395360] Calibrating delay loop (skipped) preset value.. 2227.19 BogoMIPS (lpj=4454396)
[    0.404786] pid_max: default: 32768 minimum: 301
[    0.407384] ACPI: Core revision 20150930
[    0.411561] ACPI: 2 ACPI AML tables successfully acquired and loaded
[    0.416033] Security Framework initialized
[    0.418799] Yama: becoming mindful.
[    0.420871] AppArmor: AppArmor initialized
[    0.423319] Dentry cache hash table entries: 131072 (order: 8, 1048576 bytes)
[    0.430583] Inode-cache hash table entries: 65536 (order: 7, 524288 bytes)
[    0.434833] Mount-cache hash table entries: 2048 (order: 2, 16384 bytes)
[    0.439053] Mountpoint-cache hash table entries: 2048 (order: 2, 16384 bytes)
[    0.445403] Initializing cgroup subsys io
[    0.448035] Initializing cgroup subsys memory
[    0.450166] Initializing cgroup subsys devices
[    0.452834] Initializing cgroup subsys freezer
[    0.455104] Initializing cgroup subsys net_cls
[    0.458441] Initializing cgroup subsys perf_event
[    0.460882] Initializing cgroup subsys net_prio
[    0.463774] Initializing cgroup subsys hugetlb
[    0.466607] Initializing cgroup subsys pids
[    0.473504] mce: CPU supports 0 MCE banks
[    0.475388] Last level iTLB entries: 4KB 0, 2MB 0, 4MB 0
[    0.478960] Last level dTLB entries: 4KB 0, 2MB 0, 4MB 0, 1GB 0
[    0.482853] Spectre V1 : Mitigation: usercopy/swapgs barriers and __user pointer sanitization
[    0.487135] Spectre V2 : Mitigation: Full generic retpoline
[    0.489784] Spectre V2 : Spectre v2 / SpectreRSB mitigation: Filling RSB on context switch
[    0.493505] Speculative Store Bypass: Vulnerable
[    0.495941] MDS: Mitigation: Clear CPU buffers
[    0.502717] Freeing SMP alternatives memory: 36K
[    0.515452] ftrace: allocating 32380 entries in 127 pages
[    0.636122] smpboot: APIC(0) Converting physical 0 to logical package 0
[    0.640447] smpboot: Max logical packages: 1
[    0.643855] x2apic enabled
[    0.645749] Switched APIC routing to physical x2apic.
[    0.649689] ..TIMER: vector=0x30 apic1=0 pin1=2 apic2=-1 pin2=-1
[    0.760557] smpboot: CPU0: Intel(R) Core(TM) i5-1030NG7 CPU @ 1.10GHz (family: 0x6, model: 0x7e, stepping: 0x5)
[    0.764496] Performance Events: unsupported p6 CPU model 126 no PMU driver, software events only.
[    0.782696] KVM setup paravirtual spinlock
[    0.785386] x86: Booting SMP configuration:
[    0.786951] .... node  #0, CPUs:      #1
[    0.788490] kvm-clock: cpu 1, msr 0:3ffe3041, secondary cpu clock
[    0.795170] mce: CPU supports 0 MCE banks
[    0.798491] x86: Booted up 1 node, 2 CPUs
[    0.800516] smpboot: Total of 2 processors activated (4454.39 BogoMIPS)
[    0.804099] devtmpfs: initialized
[    0.807463] evm: security.selinux
[    0.808904] evm: security.SMACK64
[    0.810446] evm: security.SMACK64EXEC
[    0.812030] evm: security.SMACK64TRANSMUTE
[    0.813910] evm: security.SMACK64MMAP
[    0.815575] evm: security.ima
[    0.816830] evm: security.capability
[    0.819011] clocksource: jiffies: mask: 0xffffffff max_cycles: 0xffffffff, max_idle_ns: 7645041785100000 ns
[    0.823221] futex hash table entries: 512 (order: 3, 32768 bytes)
[    0.826071] pinctrl core: initialized pinctrl subsystem
[    0.828517] RTC time: 13:56:08, date: 04/19/22
[    0.830950] NET: Registered protocol family 16
[    0.845074] cpuidle: using governor ladder
[    0.857555] cpuidle: using governor menu
[    0.860012] PCCT header not found.
[    0.862159] ACPI: bus type PCI registered
[    0.864587] acpiphp: ACPI Hot Plug PCI Controller Driver version: 0.5
[    0.868099] PCI: Using configuration type 1 for base access
[    0.882353] ACPI: Added _OSI(Module Device)
[    0.884652] ACPI: Added _OSI(Processor Device)
[    0.886638] ACPI: Added _OSI(3.0 _SCP Extensions)
[    0.889053] ACPI: Added _OSI(Processor Aggregator Device)
[    0.892757] ACPI: Executed 1 blocks of module-level executable AML code
[    0.899190] ACPI: Interpreter enabled
[    0.901033] ACPI: (supports S0 S5)
[    0.902543] ACPI: Using IOAPIC for interrupt routing
[    0.904804] PCI: Using host bridge windows from ACPI; if necessary, use "pci=nocrs" and report a bug
[    0.916161] ACPI: PCI Root Bridge [PCI0] (domain 0000 [bus 00-ff])
[    0.918635] acpi PNP0A03:00: _OSC: OS supports [ASPM ClockPM Segments MSI]
[    0.921666] acpi PNP0A03:00: _OSC: not requesting OS control; OS requires [ExtendedConfig ASPM ClockPM MSI]
[    0.925237] acpi PNP0A03:00: fail to add MMCONFIG information, can't access extended PCI configuration space under this bridge.
[    0.930683] PCI host bridge to bus 0000:00
[    0.932881] pci_bus 0000:00: root bus resource [io  0x0000-0x0cf7 window]
[    0.935287] pci_bus 0000:00: root bus resource [io  0x0d00-0xffff window]
[    0.937873] pci_bus 0000:00: root bus resource [mem 0x000a0000-0x000bffff window]
[    0.941015] pci_bus 0000:00: root bus resource [mem 0x40000000-0xfdffffff window]
[    0.944103] pci_bus 0000:00: root bus resource [bus 00-ff]
[    0.950503] pci 0000:00:01.1: legacy IDE quirk: reg 0x10: [io  0x01f0-0x01f7]
[    0.953296] pci 0000:00:01.1: legacy IDE quirk: reg 0x14: [io  0x03f6]
[    0.955558] pci 0000:00:01.1: legacy IDE quirk: reg 0x18: [io  0x0170-0x0177]
[    0.957995] pci 0000:00:01.1: legacy IDE quirk: reg 0x1c: [io  0x0376]
[    0.994066] pci 0000:00:07.0: quirk: [io  0x4000-0x403f] claimed by PIIX4 ACPI
[    0.997988] pci 0000:00:07.0: quirk: [io  0x4100-0x410f] claimed by PIIX4 SMB
[    1.009679] ACPI: PCI Interrupt Link [LNKA] (IRQs 5 9 10 *11)
[    1.013238] ACPI: PCI Interrupt Link [LNKB] (IRQs 5 9 *10 11)
[    1.016090] ACPI: PCI Interrupt Link [LNKC] (IRQs 5 *9 10 11)
[    1.018885] ACPI: PCI Interrupt Link [LNKD] (IRQs 5 9 10 *11)
[    1.021966] ACPI: Enabled 2 GPEs in block 00 to 07
[    1.024547] vgaarb: setting as boot device: PCI:0000:00:02.0
[    1.026551] vgaarb: device added: PCI:0000:00:02.0,decodes=io+mem,owns=io+mem,locks=none
[    1.029465] vgaarb: loaded
[    1.030639] vgaarb: bridge control possible 0000:00:02.0
[    1.033181] SCSI subsystem initialized
[    1.035261] ACPI: bus type USB registered
[    1.036759] usbcore: registered new interface driver usbfs
[    1.038965] usbcore: registered new interface driver hub
[    1.041171] usbcore: registered new device driver usb
[    1.046141] PCI: Using ACPI for IRQ routing
[    1.048288] NetLabel: Initializing
[    1.049769] NetLabel:  domain hash size = 128
[    1.051479] NetLabel:  protocols = UNLABELED CIPSOv4
[    1.053406] NetLabel:  unlabeled traffic allowed by default
[    1.055657] amd_nb: Cannot enumerate AMD northbridges
[    1.057657] clocksource: Switched to clocksource kvm-clock
[    1.073496] AppArmor: AppArmor Filesystem Enabled
[    1.075770] pnp: PnP ACPI init
[    1.080023] pnp: PnP ACPI: found 3 devices
[    1.093841] clocksource: acpi_pm: mask: 0xffffff max_cycles: 0xffffff, max_idle_ns: 2085701024 ns
[    1.097678] NET: Registered protocol family 2
[    1.100064] TCP established hash table entries: 8192 (order: 4, 65536 bytes)
[    1.103385] TCP bind hash table entries: 8192 (order: 5, 131072 bytes)
[    1.106981] TCP: Hash tables configured (established 8192 bind 8192)
[    1.109947] UDP hash table entries: 512 (order: 2, 16384 bytes)
[    1.113104] UDP-Lite hash table entries: 512 (order: 2, 16384 bytes)
[    1.116178] NET: Registered protocol family 1
[    1.118675] pci 0000:00:00.0: Limiting direct PCI/PCI transfers
[    1.121418] pci 0000:00:01.0: Activating ISA DMA hang workarounds
[    1.124373] Unpacking initramfs...
[    1.544241] Freeing initrd memory: 14888K
[    1.546396] clocksource: tsc: mask: 0xffffffffffffffff max_cycles: 0x100d47dceae, max_idle_ns: 440795244181 ns
[    1.551121] platform rtc_cmos: registered platform RTC device (no PNP device found)
[    1.554959] Scanning for low memory corruption every 60 seconds
[    1.559244] audit: initializing netlink subsys (disabled)
[    1.562314] audit: type=2000 audit(1650376574.301:1): initialized
[    1.566674] Initialise system trusted keyring
[    1.569933] HugeTLB registered 2 MB page size, pre-allocated 0 pages
[    1.576141] zbud: loaded
[    1.578671] VFS: Disk quotas dquot_6.6.0
[    1.580588] VFS: Dquot-cache hash table entries: 512 (order 0, 4096 bytes)
[    1.584368] squashfs: version 4.0 (2009/01/31) Phillip Lougher
[    1.587638] fuse init (API version 7.23)
[    1.589832] Key type big_key registered
[    1.592053] Allocating IMA MOK and blacklist keyrings.
[    1.595453] Key type asymmetric registered
[    1.597686] Asymmetric key parser 'x509' registered
[    1.600078] Block layer SCSI generic (bsg) driver version 0.4 loaded (major 249)
[    1.603954] io scheduler noop registered
[    1.605863] io scheduler deadline registered (default)
[    1.610805] io scheduler cfq registered
[    1.613096] pci_hotplug: PCI Hot Plug PCI Core version: 0.5
[    1.615534] pciehp: PCI Express Hot Plug Controller Driver version: 0.4
[    1.618897] ACPI: AC Adapter [AC] (off-line)
[    1.621082] input: Power Button as /devices/LNXSYSTM:00/LNXPWRBN:00/input/input0
[    1.624821] ACPI: Power Button [PWRF]
[    1.627023] input: Sleep Button as /devices/LNXSYSTM:00/LNXSLPBN:00/input/input1
[    1.632287] ACPI: Sleep Button [SLPF]
[    1.634725] GHES: HEST is not enabled!
[    1.639258] ACPI: Battery Slot [BAT0] (battery present)
[    1.641511] Serial: 8250/16550 driver, 32 ports, IRQ sharing enabled
[    1.665961] 00:02: ttyS0 at I/O 0x3f8 (irq = 4, base_baud = 115200) is a 16550A
[    1.676035] Linux agpgart interface v0.103
[    1.683663] loop: module loaded
[    1.687440] scsi host0: ata_piix
[    1.689375] scsi host1: ata_piix
[    1.691049] ata1: PATA max UDMA/33 cmd 0x1f0 ctl 0x3f6 bmdma 0xd000 irq 14
[    1.693619] ata2: PATA max UDMA/33 cmd 0x170 ctl 0x376 bmdma 0xd008 irq 15
[    1.696809] libphy: Fixed MDIO Bus: probed
[    1.698988] tun: Universal TUN/TAP device driver, 1.6
[    1.701644] tun: (C) 1999-2004 Max Krasnyansky <maxk@qualcomm.com>
[    1.705568] PPP generic driver version 2.4.2
[    1.707969] ehci_hcd: USB 2.0 'Enhanced' Host Controller (EHCI) Driver
[    1.710834] ehci-pci: EHCI PCI platform driver
[    1.713118] ehci-platform: EHCI generic platform driver
[    1.715294] ohci_hcd: USB 1.1 'Open' Host Controller (OHCI) Driver
[    1.717837] ohci-pci: OHCI PCI platform driver
[    1.719720] ohci-platform: OHCI generic platform driver
[    1.722466] uhci_hcd: USB Universal Host Controller Interface driver
[    1.725670] i8042: PNP: PS/2 Controller [PNP0303:PS2K,PNP0f03:PS2M] at 0x60,0x64 irq 1,12
[    1.729893] serio: i8042 KBD port at 0x60,0x64 irq 1
[    1.732120] serio: i8042 AUX port at 0x60,0x64 irq 12
[    1.734847] mousedev: PS/2 mouse device common for all mice
[    1.738192] input: AT Translated Set 2 keyboard as /devices/platform/i8042/serio0/input/input2
[    1.742035] rtc_cmos rtc_cmos: rtc core: registered rtc_cmos as rtc0
[    1.744946] rtc_cmos rtc_cmos: alarms up to one day, 114 bytes nvram
[    1.747487] i2c /dev entries driver
[    1.749156] device-mapper: uevent: version 1.0.3
[    1.751261] device-mapper: ioctl: 4.34.0-ioctl (2015-10-28) initialised: dm-devel@redhat.com
[    1.754783] ledtrig-cpu: registered to indicate activity on CPUs
[    1.757766] NET: Registered protocol family 10
[    1.760270] NET: Registered protocol family 17
[    1.762865] Key type dns_resolver registered
[    1.765426] registered taskstats version 1
[    1.767361] Loading compiled-in X.509 certificates
[    1.770631] Loaded X.509 cert 'Build time autogenerated kernel key: cf00e047681d67edb2720680708b7d9498083038'
[    1.774657] zswap: loaded using pool lzo/zbud
[    1.779690] Key type trusted registered
[    1.786434] Key type encrypted registered
[    1.788093] AppArmor: AppArmor sha1 policy hashing enabled
[    1.790453] ima: No TPM chip found, activating TPM-bypass!
[    1.792995] ima: Allocated hash algorithm: sha1
[    1.794864] evm: HMAC attrs: 0x1
[    1.797064]   Magic number: 2:684:938
[    1.799194] rtc_cmos rtc_cmos: setting system clock to 2022-04-19 13:56:09 UTC (1650376569)
[    1.803431] BIOS EDD facility v0.16 2004-Jun-25, 0 devices found
[    1.805811] EDD information not available.
[    1.877362] Freeing unused kernel memory: 1492K
[    1.879062] Write protecting the kernel read-only data: 14336k
[    1.881732] Freeing unused kernel memory: 1584K
[    1.883711] Freeing unused kernel memory: 52K
Loading, please wait...
starting version 229
[    1.902100] random: systemd-udevd: uninitialized urandom read (16 bytes read, 3 bits of entropy available)
[    1.902759] random: udevadm: uninitialized urandom read (16 bytes read, 3 bits of entropy available)
[    1.902783] random: udevadm: uninitialized urandom read (16 bytes read, 3 bits of entropy available)
[    1.913481] random: systemd-udevd: uninitialized urandom read (16 bytes read, 3 bits of entropy available)
[    1.916106] random: udevadm: uninitialized urandom read (16 bytes read, 3 bits of entropy available)
[    1.916211] random: udevadm: uninitialized urandom read (16 bytes read, 3 bits of entropy available)
[    1.916425] random: udevadm: uninitialized urandom read (16 bytes read, 3 bits of entropy available)
[    1.916494] random: udevadm: uninitialized urandom read (16 bytes read, 3 bits of entropy available)
[    1.916561] random: udevadm: uninitialized urandom read (16 bytes read, 3 bits of entropy available)
[    1.916629] random: udevadm: uninitialized urandom read (16 bytes read, 3 bits of entropy available)
[    2.010918] Fusion MPT base driver 3.04.20
[    2.013619] Copyright (c) 1999-2008 LSI Corporation
[    2.020803] e1000: Intel(R) PRO/1000 Network Driver - version 7.3.21-k8-NAPI
[    2.025339] e1000: Copyright (c) 1999-2006 Intel Corporation.
[    2.068505] Fusion MPT SPI Host driver 3.04.20
[    2.075141] AVX2 version of gcm_enc/dec engaged.
[    2.077197] AES CTR mode by8 optimization enabled
[    2.235642] input: ImExPS/2 Generic Explorer Mouse as /devices/platform/i8042/serio1/input/input4
[    2.542213] e1000 0000:00:03.0 eth0: (PCI:33MHz:32-bit) 02:be:82:6b:cc:1d
[    2.545221] e1000 0000:00:03.0 eth0: Intel(R) PRO/1000 Network Connection
[    2.549912] mptbase: ioc0: Initiating bringup
[    2.550654] e1000 0000:00:03.0 enp0s3: renamed from eth0
[    2.618212] ioc0: LSI53C1030 A0: Capabilities={Initiator}
[    2.784863] scsi host2: ioc0: LSI53C1030 A0, FwRev=00000000h, Ports=1, MaxQ=256, IRQ=20
[    2.898680] scsi 2:0:0:0: Direct-Access     VBOX     HARDDISK         1.0  PQ: 0 ANSI: 5
[    2.902536] scsi target2:0:0: Beginning Domain Validation
[    2.906414] scsi target2:0:0: Domain Validation skipping write tests
[    2.908417] scsi target2:0:0: Ending Domain Validation
[    2.910009] scsi target2:0:0: asynchronous
[    2.911451] scsi 2:0:1:0: Direct-Access     VBOX     HARDDISK         1.0  PQ: 0 ANSI: 5
[    2.913612] scsi target2:0:1: Beginning Domain Validation
[    2.915683] scsi target2:0:1: Domain Validation skipping write tests
[    2.917070] scsi target2:0:1: Ending Domain Validation
[    2.918362] scsi target2:0:1: asynchronous
[    2.935083] sd 2:0:0:0: Attached scsi generic sg0 type 0
[    2.937089] sd 2:0:1:0: [sdb] 20480 512-byte logical blocks: (10.5 MB/10.0 MiB)
[    2.937098] sd 2:0:0:0: [sda] 83886080 512-byte logical blocks: (42.9 GB/40.0 GiB)
[    2.942848] sd 2:0:1:0: Attached scsi generic sg1 type 0
[    2.945540] sd 2:0:0:0: [sda] Write Protect is off
[    2.946135] sd 2:0:1:0: [sdb] Write Protect is off
[    2.946233] sd 2:0:1:0: [sdb] Incomplete mode parameter data
[    2.946235] sd 2:0:1:0: [sdb] Assuming drive cache: write through
[    2.948483] sd 2:0:1:0: [sdb] Attached SCSI disk
[    2.956391] sd 2:0:0:0: [sda] Incomplete mode parameter data
[    2.959403] sd 2:0:0:0: [sda] Assuming drive cache: write through
[    2.965916]  sda: sda1
[    2.969297] sd 2:0:0:0: [sda] Attached SCSI disk
Begin: Loading essential drivers ... [    4.511044] md: linear personality registered for level -1
[    4.516465] md: multipath personality registered for level -4
[    4.522907] md: raid0 personality registered for level 0
[    4.530655] md: raid1 personality registered for level 1
[    4.605880] raid6: sse2x1   gen()  5125 MB/s
[    4.673835] raid6: sse2x1   xor()  4023 MB/s
[    4.741872] raid6: sse2x2   gen()  8690 MB/s
[    4.809851] raid6: sse2x2   xor()  5326 MB/s
[    4.877957] raid6: sse2x4   gen()  6636 MB/s
[    4.945889] raid6: sse2x4   xor()  3846 MB/s
[    5.013876] raid6: avx2x1   gen() 10349 MB/s
[    5.081914] raid6: avx2x2   gen() 12729 MB/s
[    5.149855] raid6: avx2x4   gen() 12798 MB/s
[    5.152274] raid6: using algorithm avx2x4 gen() 12798 MB/s
[    5.155937] raid6: using avx2x2 recovery algorithm
[    5.162749] xor: automatically using best checksumming function:
[    5.205772]    avx       : 13129.000 MB/sec
[    5.209606] async_tx: api initialized (async)
[    5.226293] md: raid6 personality registered for level 6
[    5.228562] md: raid5 personality registered for level 5
[    5.231206] md: raid4 personality registered for level 4
[    5.243873] md: raid10 personality registered for level 10
done.
Begin: Running /scripts/init-premount ... done.
Begin: Mounting root file system ... Begin: Running /scripts/local-top ... done.
Begin: Running /scripts/local-premount ... [    5.296387] Btrfs loaded
Scanning for Btrfs filesystems
done.
Warning: fsck not present, so skipping root file system
[    5.339240] EXT4-fs (sda1): mounted filesystem with ordered data mode. Opts: (null)
done.
Begin: Running /scripts/local-bottom ... done.
Begin: Running /scripts/init-bottom ... done.
[    5.509183] systemd[1]: systemd 229 running in system mode. (+PAM +AUDIT +SELINUX +IMA +APPARMOR +SMACK +SYSVINIT +UTMP +LIBCRYPTSETUP +GCRYPT +GNUTLS +ACL +XZ -LZ4 +SECCOMP +BLKID +ELFUTILS +KMOD -IDN)
[    5.515619] systemd[1]: Detected virtualization oracle.
[    5.517804] systemd[1]: Detected architecture x86-64.

Welcome to [1mUbuntu 16.04.7 LTS[0m!

[    5.525064] systemd[1]: Set hostname to <ubuntu>.
[    5.531870] systemd[1]: Initializing machine ID from random generator.
[    5.534187] systemd[1]: Installed transient /etc/machine-id file.
[    5.981801] systemd[1]: Listening on LVM2 metadata daemon socket.
[[0;32m  OK  [0m] Listening on LVM2 metadata daemon socket.
[    5.986704] systemd[1]: Reached target System Time Synchronized.
[[0;32m  OK  [0m] Reached target System Time Synchronized.
[    5.991194] systemd[1]: Listening on Syslog Socket.
[[0;32m  OK  [0m] Listening on Syslog Socket.
[    6.002368] systemd[1]: Started Forward Password Requests to Wall Directory Watch.
[[0;32m  OK  [0m] Started Forward Password Requests to Wall Directory Watch.
[    6.008515] systemd[1]: Started Trigger resolvconf update for networkd DNS.
[[0;32m  OK  [0m] Started Trigger resolvconf update for networkd DNS.
[    6.017572] systemd[1]: Listening on Journal Audit Socket.
[[0;32m  OK  [0m] Listening on Journal Audit Socket.
[    6.023272] systemd[1]: Listening on udev Control Socket.
[[0;32m  OK  [0m] Listening on udev Control Socket.
[    6.029347] systemd[1]: Created slice User and Session Slice.
[[0;32m  OK  [0m] Created slice User and Session Slice.
[    6.035258] systemd[1]: Listening on LVM2 poll daemon socket.
[[0;32m  OK  [0m] Listening on LVM2 poll daemon socket.
[    6.042025] systemd[1]: Listening on /dev/initctl Compatibility Named Pipe.
[[0;32m  OK  [0m] Listening on /dev/initctl Compatibility Named Pipe.
[    6.051014] systemd[1]: Listening on Journal Socket.
[[0;32m  OK  [0m] Listening on Journal Socket.
[    6.063452] systemd[1]: Created slice System Slice.
[[0;32m  OK  [0m] Created slice System Slice.
[    6.086767] systemd[1]: Starting Set console keymap...
         Starting Set console keymap...
[    6.105294] systemd[1]: Starting Nameserver information manager...
         Starting Nameserver information manager...
[    6.116930] systemd[1]: Starting Create list of required static device nodes for the current kernel...
         Starting Create list of required st... nodes for the current kernel...
[    6.132539] systemd[1]: Mounting Debug File System...
         Mounting Debug File System...
[    6.142585] systemd[1]: Starting Uncomplicated firewall...
         Starting Uncomplicated firewall...
[    6.150698] systemd[1]: Reached target Slices.
[[0;32m  OK  [0m] Reached target Slices.
[    6.157367] systemd[1]: Created slice system-serial\x2dgetty.slice.
[[0;32m  OK  [0m] Created slice system-serial\x2dgetty.slice.
[    6.182088] systemd[1]: Mounting Huge Pages File System...
         Mounting Huge Pages File System...
[    6.190550] systemd[1]: Mounting POSIX Message Queue File System...
         Mounting POSIX Message Queue File System...
[    6.197944] systemd[1]: Reached target Swap.
[[0;32m  OK  [0m] Reached target Swap.
[    6.205391] systemd[1]: Listening on udev Kernel Socket.
[[0;32m  OK  [0m] Listening on udev Kernel Socket.
[    6.213870] systemd[1]: Reached target User and Group Name Lookups.
[[0;32m  OK  [0m] Reached target User and Group Name Lookups.
[    6.222335] systemd[1]: Listening on Device-mapper event daemon FIFOs.
[[0;32m  OK  [0m] Listening on Device-mapper event daemon FIFOs.
[    6.246205] systemd[1]: Starting Monitoring of LVM2 mirrors, snapshots etc. using dmeventd or progress polling...
         Starting Monitoring of LVM2 mirrors... dmeventd or progress polling...
[    6.266914] systemd[1]: Listening on fsck to fsckd communication Socket.
[[0;32m  OK  [0m] Listening on fsck to fsckd communication Socket.
[    6.277043] systemd[1]: Starting File System Check on Root Device...
         Starting File System Check on Root Device...
[    6.291785] systemd[1]: Starting Load Kernel Modules...
         Starting Load Kernel Modules...
[    6.298200] systemd[1]: Listening on Journal Socket (/dev/log).
[[0;32m  OK  [0m] Listening on Journal Socket (/dev/log).
[    6.307916] systemd[1]: Starting Journal Service...
         Starting Journal Service...
[    6.316951] systemd[1]: Set up automount Arbitrary Executable File Formats File System Automount Point.
[    6.323587] Loading iSCSI transport class v2.0-870.
[[0;32m  OK  [0m] Set up automount Arbitrary Executab...ats File System Automount Point.
[    6.335452] systemd[1]: Reached target Encrypted Volumes.
[[0;32m  OK  [0m] Reached target Encrypted Volumes.
[    6.355294] iscsi: registered transport (tcp)
[    6.361128] systemd[1]: Mounted Huge Pages File System.
[[0;32m  OK  [0m] Mounted Huge Pages File System.
[    6.370828] systemd[1]: Mounted POSIX Message Queue File System.
[[0;32m  OK  [0m] Mounted POSIX Message Queue File System.
[    6.376810] systemd[1]: Mounted Debug File System.
[[0;32m  OK  [0m] Mounted Debug File System.
[    6.383515] systemd[1]: Started Set console keymap.
[[0;32m  OK  [0m] Started Set console keymap.
[    6.423728] systemd[1]: Started Create list of required static device nodes for the current kernel.
[[0;32m  OK  [0m] Started Create list of required sta...ce nodes for the current kernel.
[    6.439253] systemd[1]: Started Uncomplicated firewall.
[[0;32m  OK  [0m] Started Uncomplicated firewall.
[    6.447354] systemd[1]: Started File System Check on Root Device.
[    6.452203] iscsi: registered transport (iser)
[[0;32m  OK  [0m] Started File System Check on Root Device.
[    6.478343] systemd[1]: Started Nameserver information manager.
[[0;32m  OK  [0m] Started Nameserv[    6.483196] random: nonblocking pool is initialized
er information manager.
[    6.489414] systemd[1]: Started Load Kernel Modules.
[[0;32m  OK  [0m] Started Load Kernel Modules.
[    6.498203] systemd[1]: Started Journal Service.
[[0;32m  OK  [0m] Started Journal Service.
[[0;32m  OK  [0m] Started File System Check Daemon to report status.
[[0;32m  OK  [0m] Started LVM2 metadata daemon.
         Mounting FUSE Control File System...
         Starting Apply Kernel Variables...
         Starting Remount Root and Kernel File Systems...
         Starting Create Static Device Nodes in /dev...
[[0;32m  OK  [0m] Mounted FUSE Control File System.
[    6.550864] EXT4-fs (sda1): re-mounted. Opts: (null)
[[0;32m  OK  [0m] Started Remount Root and Kernel File Systems.
         Starting Flush Journal to Persistent Storage...
         Starting Load/Save Random Seed...
         Starting udev Coldplug all Devices...
[[0;32m  OK  [0m] Started Apply Kernel Variables.
[[0;32m  OK  [0m] Started Load/Save Random Seed.
[[0;32m  OK  [0m] Started Create Static Device Nodes in /dev.
         Starting udev Kernel Device Manager...
[[0;32m  OK  [0m] Started Flush Journal to Persistent Storage.
[[0;32m  OK  [0m] Started Monitoring of LVM2 mirrors,...ng dmeventd or progress polling.
[[0;32m  OK  [0m] Reached target Local File Systems (Pre).
[[0;32m  OK  [0m] Reached target Local File Systems.
         Starting LSB: AppArmor initialization...
         Starting Create Volatile Files and Directories...
         Starting Commit a transient machine-id on disk...
         Starting Set console font and keymap...
         Starting Initial cloud-init job (pre-networking)...
         Starting Tell Plymouth To Write Out Runtime Data...
[[0;32m  OK  [0m] Started Tell Plymouth To Write Out Runtime Data.
[[0;32m  OK  [0m] Started Create Volatile Files and Directories.
[[0;32m  OK  [0m] Started Commit a transient machine-id on disk.
[[0;32m  OK  [0m] Started udev Coldplug all Devices.
[[0;32m  OK  [0m] Started udev Kernel Device Manager.
[[0;32m  OK  [0m] Started Dispatch Password Requests to Console Directory Watch.
         Starting Update UTMP about System Boot/Shutdown...
[[0;32m  OK  [0m] Started Update UTMP about System Boot/Shutdown.
[[0;32m  OK  [0m] Found device /dev/ttyS0.
[[0;32m  OK  [0m] Listening on Load/Save RF Kill Switch Status /dev/rfkill Watch.
[[0;32m  OK  [0m] Started LSB: AppArmor initialization.
[    8.881461] cloud-init[481]: Cloud-init v. 21.1-19-gbad84ad4-0ubuntu1~16.04.2 running 'init-local' at Tue, 19 Apr 2022 13:56:16 +0000. Up 8.26 seconds.
         Starting Load AppArmor profiles managed internally by snapd...
[[0;32m  OK  [0m] Started Initial cloud-init job (pre-networking).
[[0;32m  OK  [0m] Started Load AppArmor profiles managed internally by snapd.
[[0;32m  OK  [0m] Reached target Network (Pre).
         Starting Raise network interfaces...
[[0;32m  OK  [0m] Started Set console font and keymap.
[[0;32m  OK  [0m] Created slice system-getty.slice.
[[0;32m  OK  [0m] Started Raise network interfaces.
[[0;32m  OK  [0m] Reached target Network.
         Starting Initial cloud-init job (metadata service crawler)...
[   11.758357] cloud-init[942]: Cloud-init v. 21.1-19-gbad84ad4-0ubuntu1~16.04.2 running 'init' at Tue, 19 Apr 2022 13:56:18 +0000. Up 10.13 seconds.
[   11.765369] cloud-init[942]: ci-info: ++++++++++++++++++++++++++++++++++++++Net device info++++++++++++++++++++++++++++++++++++++
[   11.771235] cloud-init[942]: ci-info: +--------+------+----------------------------+---------------+--------+-------------------+
[   11.779146] cloud-init[942]: ci-info: | Device |  Up  |          Address           |      Mask     | Scope  |     Hw-Address    |
[   11.784806] cloud-init[942]: ci-info: +--------+------+----------------------------+---------------+--------+-------------------+
[   11.792019] cloud-init[942]: ci-info: | enp0s3 | True |         10.0.2.15          | 255.255.255.0 | global | 02:be:82:6b:cc:1d |
[   11.805241] cloud-init[942]: ci-info: | enp0s3 | True | fe80::be:82ff:fe6b:cc1d/64 |       .       |  link  | 02:be:82:6b:cc:1d |
[   11.821944] cloud-init[942]: ci-info: |   lo   | True |         127.0.0.1          |   255.0.0.0   |  host  |         .         |
[   11.833341] cloud-init[942]: ci-info: |   lo   | True |          ::1/128           |       .       |  host  |         .         |
[   11.841932] cloud-init[942]: ci-info: +--------+------+----------------------------+---------------+--------+-------------------+
[   11.857471] cloud-init[942]: ci-info: +++++++++++++++++++++++++++Route IPv4 info++++++++++++++++++++++++++++
[   11.863292] cloud-init[942]: ci-info: +-------+-------------+----------+---------------+-----------+-------+
[   11.868857] cloud-init[942]: ci-info: | Route | Destination | Gateway  |    Genmask    | Interface | Flags |
[   11.873700] cloud-init[942]: ci-info: +-------+-------------+----------+---------------+-----------+-------+
[   11.877330] cloud-init[942]: ci-info: |   0   |   0.0.0.0   | 10.0.2.2 |    0.0.0.0    |   enp0s3  |   UG  |
[   11.882016] cloud-init[942]: ci-info: |   1   |   10.0.2.0  | 0.0.0.0  | 255.255.255.0 |   enp0s3  |   U   |
[   11.886078] cloud-init[942]: ci-info: +-------+-------------+----------+---------------+-----------+-------+
[   11.890621] cloud-init[942]: ci-info: +++++++++++++++++++Route IPv6 info+++++++++++++++++++
[   11.895463] cloud-init[942]: ci-info: +-------+-------------+---------+-----------+-------+
[   11.899177] cloud-init[942]: ci-info: | Route | Destination | Gateway | Interface | Flags |
[   11.905463] cloud-init[942]: ci-info: +-------+-------------+---------+-----------+-------+
[   11.907165] cloud-init[942]: ci-info: |   0   |  fe80::/64  |    ::   |   enp0s3  |   U   |
[   11.909300] cloud-init[942]: ci-info: |   3   |   ff00::/8  |    ::   |   enp0s3  |   U   |
[[0;32m  OK  [0m] Started Initial cloud-init job (metadata service crawler).
[   11.911749] cloud-init[942]: ci-info: +-------+-------------+---------+-----------+-------+
[   11.917961] cloud-init[942]: Generating public/private rsa key pair.
[   11.918415] cloud-init[942]: Your identification has been saved in /etc/ssh/ssh_host_rsa_key.
[[0;32m  OK  [0m] Reached target Cloud-config availability.
[[0;32m  OK  [0m] Reached target System Initialization.
[   11.919142] cloud-init[942]: Your public key has been saved in /etc/ssh/ssh_host_rsa_key.pub.
[   11.927822] cloud-init[942]: The key fingerprint is:
[   11.928282] cloud-init[942]: SHA256:WhXO3W0xNoT+bx71H1eiy1c5jli7qV61A3/EuNIaz48 root@ubuntu-xenial
[[0;32m  OK  [0m] Listening on UUID daemon activation socket.
[[   11.928399] cloud-init[942]: The key's randomart image is:
[0;32m  OK  [0m[   11.934762] cloud-init[942]: +---[RSA 2048]----+
[   11.937795] cloud-init[942]: |          .   o* |
[   11.940911] cloud-init[942]: |         o o o..+|
[   11.941732] cloud-init[942]: |          + o . o|
[   11.944972] cloud-init[942]: |         .   . + |
[   11.946369] cloud-init[942]: |        S    .+.*|
[   11.947740] cloud-init[942]: |       o     ++B*|
[   11.947910] cloud-init[942]: |      .     *.*B*|
] [   11.949066] cloud-init[942]: |           o.XooX|
[   11.952377] cloud-init[942]: |          .o=+E++|
[   11.955713] cloud-init[942]: +----[SHA256]-----+
Started Message of the Day.
[   11.956922] cloud-init[942]: Generating public/private dsa key pair.
[   11.961224] cloud-init[942]: Your identification has been saved in /etc/ssh/ssh_host_dsa_key.
[[0;32m  OK  [0m] Listening on D-Bus System Message Bus Socket.
[[0;32m  OK  [0m[   11.961934] cloud-init[942]: Your public key has been saved in /etc/ssh/ssh_host_dsa_key.pub.
[   11.967862] cloud-init[942]: The key fingerprint is:
[   11.969970] cloud-init[942]: SHA256:eJBhp0OUt9uEF6XARu16vmrmRu7eJUQhteFt/XLEBG8 root@ubuntu-xenial
[   11.970561] cloud-init[942]: The key's randomart image is:
[   11.974903] cloud-init[942]: +---[DSA 1024]----+
[   11.977715] cloud-init[942]: |     .=+=o+.. ...|
[   11.978856] cloud-init[942]: |     o.=++o* . + |
] Started Daily Cleanup of Temporary Directories.
[   11.979278] cloud-init[942]: |      =o +=.o . E|
[   11.992591] cloud-init[942]: |       +o.+.   + |
[   11.995552]          Starting Socket activation for snappy daemon.
[[0;32m  OK  [0mcloud-init[942]: |      . S*.   . o|
[   12.001830] cloud-init[942]: |       .+.o    o |
[   12.003274] cloud-init[942]: ] Started Ubuntu Advantage update messaging.
|       o o. .    |
[[0;32m  OK  [0m] Started ACPI Events Check.
[[0;32m  OK  [0m] Reached target Paths.
[[0;32m  OK  [0m] Listening on ACPID Listen Socket.
[   12.008282] cloud-init[942]: |        =..o     |
         Starting LXD - unix socket.[   12.020934] cloud-init[942]: |       B=.o.     |
[   12.023415] cloud-init
[[0;32m  OK  [0m] Started Daily apt download activities.
[[0;32m  OK  [0m] [942]: +----[SHA256]-----+
[   12.029186] cloud-init[942]: Generating public/private ecdsa key pair.
[   12.031239] cloud-init[942]: Started Daily apt upgrade and clean activities.
[[0;32m  OK  [0m] Reached target Timers.Your identification has been saved in /etc/ssh/ssh_host_ecdsa_key.
[   12.038318] cloud-init[942]: Your public key has been saved in /etc/ssh/ssh_host_ecdsa_key.pub.
[   12.041430] cloud-init[942]: The key fingerprint is:
[   12.043273] cloud-init
[942]: [SHA256:Do/j9ud1kic3rjmhsyCqcp5Yn5KG4AnpWWwKXN4PR3I root@ubuntu-xenial[0;32m  OK  [0m
] Reached target Network is Online.
[   12.048834] cloud-init[942]: The key's randomart image is:
[   12.051810] cloud-init[942]: +---[ECDSA 256]---+
[   12.061163] cloud-init[942]: |                 |
[   12.063648] cloud-init[942]: |                 |
[   12.066618] cloud-init[942]: |                 |
[   12.068561] cloud-init[942]: |   . . E         |
[   12.070168] cloud-init[942]: |..+ . = S        |
[   12.072753]          Starting iSCSI initiator daemon (iscsid)...
[[0;32m  OK  [0m] Listening on Socket activation for snappy daemon.
cloud-init[942]: |=. = o *    ..   |
[   12.080517] [[0;32m  OK  [0m] Listening on LXD - unix socket.
[[0;32m  OK  [0m] Reached target Sockets.
[[0;32m  OK  [0m] Reached target Basic System.
cloud-init[942]: |*.B.  B +  .=.=  |         Starting LSB: Record successful boot for GRUB...
[[0;32m  OK  [0m] Started D-Bus System Message Bus.

[   12.096214] cloud-init[942]: |oO=o +.+ .+..O . |
[   12.099236] cloud-init[942]: |.=+o+....ooooo.  |
[   12.104784] cloud-init[942]: +----[SHA256]-----+
[   12.108292] cloud-init[942]: Generating public/private ed25519 key pair.
[   12.115079] cloud-init[942]: Your identification has been saved in /etc/ssh/ssh_host_ed25519_key.
[   12.120421] cloud-init[942]: Your public key has been saved in /etc/ssh/ssh_host_ed25519_key.pub.
[   12.126036] cloud-init[942]: The key fingerprint is:
[   12.128542] cloud-init[942]: SHA256:GYzjOkmsxLJtQhLIW50gsQnAx3yquNE0n2qsRu44gcY root@ubuntu-xenial
[   12.134957] cloud-init[942]: The key's randomart image is:
[   12.139243] cloud-init[942]: +--[ED25519 256]--+
[   12.143582] cloud-init[942]: |=o+.             |
[   12.148390] cloud-init[942]: |+.++o..o         |
[   12.152619] cloud-init[942]: |o+..ooo o        |
[   12.156899] cloud-init[942]: | o=o . . o       |
[   12.160595] cloud-init[942]: |*=+oo.. S        |
[   12.164443] cloud-init[942]: |BE.ooo           |
[   12.167800] cloud-init[942]: |*=+.+            |
[   12.170606] cloud-init[942]: |+=+  .           |
         Starting Virtualbox guest utils...
[   12.188332] cloud-init         Starting Pollinate to seed the pseudo random number generator...
         Starting LXD - container startup/shutdown...
         Starting System Logging Service...
[942]: |==               |
         Starting Accounts Service...
[   12.205488] cloud-init[942]: +----[SHA256]-----+
         Starting LSB: MD monitoring daemon...
[[0;32m  OK  [0m] Started Regular background program processing daemon.
         Starting Snap Daemon...
[[0;32m  OK  [0m] Started ACPI event daemon.
         Starting /etc/rc.local Compatibility...
         Starting Login Service...
[[0;32m  OK  [0m] Started FUSE filesystem for LXC.
[[0;32m  OK  [0m] Started Deferred execution scheduler.
[[0;32m  OK  [0m] Started /etc/rc.local Compatibility.
[[0;32m  OK  [0m] Started iSCSI initiator daemon (iscsid).
         Starting Login to default iSCSI targets...
[[0;32m  OK  [0m] Started System Logging Service.
[[0;32m  OK  [0m] Started LSB: Record successful boot for GRUB.
[[0;32m  OK  [0m] Started Login Service.
[[0;32m  OK  [0m] Started Unattended Upgrades Shutdown.
[[0;32m  OK  [0m] Started Login to default iSCSI targets.
[[0;32m  OK  [0m] Started LSB: MD monitoring daemon.
[[0;32m  OK  [0m] Reached target Remote File Systems (Pre).
[[0;32m  OK  [0m] Reached target Remote File Systems.
         Starting LSB: daemon to balance interrupts for SMP systems...
         Starting LSB: Set the CPU Frequency Scaling governor to "ondemand"...
         Starting LSB: automatic crash report generation...
         Starting Permit User Sessions...
         Starting Authenticate and Authorize Users to Run Privileged Tasks...
[[0;32m  OK  [0m] Started LXD - container startup/shutdown.
[[0;32m  OK  [0m] Started Permit User Sessions.
[[0;32m  OK  [0m] Started Authenticate and Authorize Users to Run Privileged Tasks.
[[0;32m  OK  [0m] Started Accounts Service.
         Starting Terminate Plymouth Boot Screen...
         Starting Hold until boot process finishes up...
[[0;32m  OK  [0m] Started LSB: Set the CPU Frequency Scaling governor to "ondemand".
[[0;32m  OK  [0m] Started Terminate Plymouth Boot Screen.
[[0;32m  OK  [0m] Started Hold until boot process finishes up.
[[0;32m  OK  [0m] Started Serial Getty on ttyS0.
[[0;32m  OK  [0m] Started Getty on tty1.
[[0;32m  OK  [0m] Reached target Login Prompts.
         Starting Set console scheme...
[[0;32m  OK  [0m] Started LSB: daemon to balance interrupts for SMP systems.
[[0;32m  OK  [0m] Started Set console scheme.
[[0;32m  OK  [0m] Started Virtualbox guest utils.
[[0;32m  OK  [0m] Started LSB: automatic crash report generation.
[[0;32m  OK  [0m] Started Pollinate to seed the pseudo random number generator.
         Starting OpenBSD Secure Shell server...
[[0;32m  OK  [0m] Started Snap Daemon.
         Starting Wait until snapd is fully seeded...
[[0;32m  OK  [0m] Started OpenBSD Secure Shell server.
[[0;32m  OK  [0m] Created slice User Slice of vagrant.
         Starting User Manager for UID 1000...
[[0;32m  OK  [0m] Started Session 1 of user vagrant.
[[0;32m  OK  [0m] Started User Manager for UID 1000.
[[0;32m  OK  [0m] Started Wait until snapd is fully seeded.
         Starting Apply the settings specified in cloud-config...
[[0;32m  OK  [0m] Reached target Multi-User System.
[[0;32m  OK  [0m] Reached target Graphical Interface.
         Starting Update UTMP about System Runlevel Changes...
[[0;32m  OK  [0m] Started Update UTMP about System Runlevel Changes.
[   14.986653] cloud-init[1324]: Generating locales (this might take a while)...
[   16.804351] cloud-init[1324]:   en_US.UTF-8... done
[   16.808427] cloud-init[1324]: Generation complete.
         Stopping User Manager for UID 1000...
[[0;32m  OK  [0m] Stopped User Manager for UID 1000.
[[0;32m  OK  [0m] Removed slice User Slice of vagrant.
[   18.168692] cloud-init[1324]: Cloud-init v. 21.1-19-gbad84ad4-0ubuntu1~16.04.2 running 'modules:config' at Tue, 19 Apr 2022 13:56:22 +0000. Up 14.70 seconds.
ci-info: no authorized SSH keys fingerprints found for user ubuntu.
<14>Apr 19 13:56:27 ec2: 
<14>Apr 19 13:56:27 ec2: #############################################################
<14>Apr 19 13:56:27 ec2: -----BEGIN SSH HOST KEY FINGERPRINTS-----
<14>Apr 19 13:56:27 ec2: 1024 SHA256:eJBhp0OUt9uEF6XARu16vmrmRu7eJUQhteFt/XLEBG8 root@ubuntu-xenial (DSA)
<14>Apr 19 13:56:27 ec2: 256 SHA256:Do/j9ud1kic3rjmhsyCqcp5Yn5KG4AnpWWwKXN4PR3I root@ubuntu-xenial (ECDSA)
<14>Apr 19 13:56:27 ec2: 256 SHA256:GYzjOkmsxLJtQhLIW50gsQnAx3yquNE0n2qsRu44gcY root@ubuntu-xenial (ED25519)
<14>Apr 19 13:56:27 ec2: 2048 SHA256:WhXO3W0xNoT+bx71H1eiy1c5jli7qV61A3/EuNIaz48 root@ubuntu-xenial (RSA)
<14>Apr 19 13:56:27 ec2: -----END SSH HOST KEY FINGERPRINTS-----
<14>Apr 19 13:56:27 ec2: #############################################################
-----BEGIN SSH HOST KEY KEYS-----
ecdsa-sha2-nistp256 AAAAE2VjZHNhLXNoYTItbmlzdHAyNTYAAAAIbmlzdHAyNTYAAABBBLaEIa4tINNPGFRMBeHfTqnKJhTcRMgpCj+L3n6Dyi2BXZE5UNuQ3xab55UizN1GKrnMl208I8O1Oll1NLUuzs4= root@ubuntu-xenial
ssh-ed25519 AAAAC3NzaC1lZDI1NTE5AAAAIKA/3sf8h4T+VT3qv7Vysna870wwNQra5wqFw3FvE3BN root@ubuntu-xenial
ssh-rsa AAAAB3NzaC1yc2EAAAADAQABAAABAQCwdePb992lbzZUTAJ0kf0b7xS38VMdI/pVZBwib5OEhXMZlmZ805QH6jC045/hX96+iE/6GT7Vgs0Y1EpcwN1Tvo2JckTojrCkBBtpJe0dubrSJNLX6Tz1VgQazEucSeGBZ+ugreGRJYi73A3ph+QRF+q0EtT++IML2lCbMZXRMeBX0GmKTbWz7Do69q/R0VjK6Fjjro385yiyxMH3fCPX+vXIfvf5vAsWnteVTQqdJhZvdiDe0w2mFVVoaMVqfQBaMxCd1V1qv53vZ/HabzdFTyuBSW5nKdFzZKQyA+F2uLQt5wiELcq+HElOUYZ67NH/vTdINEGhlaGZB2VYHXVp root@ubuntu-xenial
-----END SSH HOST KEY KEYS-----
[   19.069175] cloud-init[1585]: Cloud-init v. 21.1-19-gbad84ad4-0ubuntu1~16.04.2 running 'modules:final' at Tue, 19 Apr 2022 13:56:27 +0000. Up 18.84 seconds.
[   19.070038] cloud-init[1585]: ci-info: no authorized SSH keys fingerprints found for user ubuntu.
[   19.071533] cloud-init[1585]: Cloud-init v. 21.1-19-gbad84ad4-0ubuntu1~16.04.2 finished at Tue, 19 Apr 2022 13:56:27 +0000. Datasource DataSourceNoCloud [seed=/dev/sdb][dsmode=net].  Up 19.05 seconds

Ubuntu 16.04.7 LTS ubuntu-xenial ttyS0

ubuntu-xenial login: 